2023-11-18T14:56:56+00:00 CRITICAL Maximum execution time of 120 seconds exceeded in C:\xampp\htdocs\ECOM\wp-includes\Requests\src\Transport\Curl.php on line 510

2023-11-18T14:57:05+00:00 CRITICAL Maximum execution time of 120 seconds exceeded in C:\xampp\htdocs\ECOM\wp-includes\Requests\src\Transport\Curl.php on line 510

2023-11-18T16:01:59+00:00 CRITICAL Uncaught ArgumentCountError: 3 arguments are required, 2 given in C:\xampp\htdocs\ECOM\wp-admin\includes\class-bulk-upgrader-skin.php:162
Stack trace:
#0 C:\xampp\htdocs\ECOM\wp-admin\includes\class-bulk-upgrader-skin.php(162): sprintf('%1$s installed ...', 'Currency Switch...')
#1 C:\xampp\htdocs\ECOM\wp-content\themes\grocery-ecommerce\inc\class-tgm-plugin-activation.php(3553): Bulk_Upgrader_Skin->after('Currency Switch...')
#2 C:\xampp\htdocs\ECOM\wp-admin\includes\class-wp-upgrader.php(921): TGMPA_Bulk_Installer_Skin->after()
#3 C:\xampp\htdocs\ECOM\wp-content\themes\grocery-ecommerce\inc\class-tgm-plugin-activation.php(3173): WP_Upgrader->run(Array)
#4 C:\xampp\htdocs\ECOM\wp-content\themes\grocery-ecommerce\inc\class-tgm-plugin-activation.php(3278): TGMPA_Bulk_Installer->run(Array)
#5 C:\xampp\htdocs\ECOM\wp-content\themes\grocery-ecommerce\inc\class-tgm-plugin-activation.php(2892): TGMPA_Bulk_Installer->bulk_install(Array)
#6 C:\xampp\htdocs\ECOM\wp-content\themes\grocery-ecommerce\inc\class-tgm-plugin-activation.php(658): TGMPA_List_Table->process_bulk_actions()
#7 C:\xampp\htdocs\ECOM\wp-includes\class-wp-hook.php(324): TGM_Plugin_Activation->install_plugins_page('')
#8 C:\xampp\htdocs\ECOM\wp-includes\class-wp-hook.php(348): WP_Hook->apply_filters('', Array)
#9 C:\xampp\htdocs\ECOM\wp-includes\plugin.php(517): WP_Hook->do_action(Array)
#10 C:\xampp\htdocs\ECOM\wp-admin\admin.php(259): do_action('appearance_page...')
#11 C:\xampp\htdocs\ECOM\wp-admin\themes.php(10): require_once('C:\\xampp\\htdocs...')
#12 {main}
  thrown in C:\xampp\htdocs\ECOM\wp-admin\includes\class-bulk-upgrader-skin.php on line 162

2023-11-18T16:04:05+00:00 CRITICAL Uncaught ArgumentCountError: 3 arguments are required, 2 given in C:\xampp\htdocs\ECOM\wp-admin\includes\class-bulk-upgrader-skin.php:162
Stack trace:
#0 C:\xampp\htdocs\ECOM\wp-admin\includes\class-bulk-upgrader-skin.php(162): sprintf('%1$s installed ...', 'GTranslate')
#1 C:\xampp\htdocs\ECOM\wp-content\themes\grocery-ecommerce\inc\class-tgm-plugin-activation.php(3553): Bulk_Upgrader_Skin->after('GTranslate')
#2 C:\xampp\htdocs\ECOM\wp-admin\includes\class-wp-upgrader.php(921): TGMPA_Bulk_Installer_Skin->after()
#3 C:\xampp\htdocs\ECOM\wp-content\themes\grocery-ecommerce\inc\class-tgm-plugin-activation.php(3173): WP_Upgrader->run(Array)
#4 C:\xampp\htdocs\ECOM\wp-content\themes\grocery-ecommerce\inc\class-tgm-plugin-activation.php(3278): TGMPA_Bulk_Installer->run(Array)
#5 C:\xampp\htdocs\ECOM\wp-content\themes\grocery-ecommerce\inc\class-tgm-plugin-activation.php(2892): TGMPA_Bulk_Installer->bulk_install(Array)
#6 C:\xampp\htdocs\ECOM\wp-content\themes\grocery-ecommerce\inc\class-tgm-plugin-activation.php(658): TGMPA_List_Table->process_bulk_actions()
#7 C:\xampp\htdocs\ECOM\wp-includes\class-wp-hook.php(324): TGM_Plugin_Activation->install_plugins_page('')
#8 C:\xampp\htdocs\ECOM\wp-includes\class-wp-hook.php(348): WP_Hook->apply_filters('', Array)
#9 C:\xampp\htdocs\ECOM\wp-includes\plugin.php(517): WP_Hook->do_action(Array)
#10 C:\xampp\htdocs\ECOM\wp-admin\admin.php(259): do_action('appearance_page...')
#11 C:\xampp\htdocs\ECOM\wp-admin\themes.php(10): require_once('C:\\xampp\\htdocs...')
#12 {main}
  thrown in C:\xampp\htdocs\ECOM\wp-admin\includes\class-bulk-upgrader-skin.php on line 162

2023-11-18T16:04:57+00:00 CRITICAL Uncaught ArgumentCountError: 3 arguments are required, 2 given in C:\xampp\htdocs\ECOM\wp-admin\includes\class-bulk-upgrader-skin.php:162
Stack trace:
#0 C:\xampp\htdocs\ECOM\wp-admin\includes\class-bulk-upgrader-skin.php(162): sprintf('%1$s installed ...', 'YITH WooCommerc...')
#1 C:\xampp\htdocs\ECOM\wp-content\themes\grocery-ecommerce\inc\class-tgm-plugin-activation.php(3553): Bulk_Upgrader_Skin->after('YITH WooCommerc...')
#2 C:\xampp\htdocs\ECOM\wp-admin\includes\class-wp-upgrader.php(921): TGMPA_Bulk_Installer_Skin->after()
#3 C:\xampp\htdocs\ECOM\wp-content\themes\grocery-ecommerce\inc\class-tgm-plugin-activation.php(3173): WP_Upgrader->run(Array)
#4 C:\xampp\htdocs\ECOM\wp-content\themes\grocery-ecommerce\inc\class-tgm-plugin-activation.php(3278): TGMPA_Bulk_Installer->run(Array)
#5 C:\xampp\htdocs\ECOM\wp-content\themes\grocery-ecommerce\inc\class-tgm-plugin-activation.php(2892): TGMPA_Bulk_Installer->bulk_install(Array)
#6 C:\xampp\htdocs\ECOM\wp-content\themes\grocery-ecommerce\inc\class-tgm-plugin-activation.php(658): TGMPA_List_Table->process_bulk_actions()
#7 C:\xampp\htdocs\ECOM\wp-includes\class-wp-hook.php(324): TGM_Plugin_Activation->install_plugins_page('')
#8 C:\xampp\htdocs\ECOM\wp-includes\class-wp-hook.php(348): WP_Hook->apply_filters('', Array)
#9 C:\xampp\htdocs\ECOM\wp-includes\plugin.php(517): WP_Hook->do_action(Array)
#10 C:\xampp\htdocs\ECOM\wp-admin\admin.php(259): do_action('appearance_page...')
#11 C:\xampp\htdocs\ECOM\wp-admin\themes.php(10): require_once('C:\\xampp\\htdocs...')
#12 {main}
  thrown in C:\xampp\htdocs\ECOM\wp-admin\includes\class-bulk-upgrader-skin.php on line 162

